==79481== Memcheck, a memory error detector
==79481== Copyright (C) 2002-2017, and GNU GPL'd, by Julian Seward et al.
==79481== Using Valgrind-3.15.0 and LibVEX; rerun with -h for copyright info
==79481== Command: ./build/Triangle
==79481== Parent PID: 79212
==79481== 
==79481== 
==79481== HEAP SUMMARY:
==79481==     in use at exit: 278,855 bytes in 2,335 blocks
==79481==   total heap usage: 46,114 allocs, 43,779 frees, 823,521,312 bytes allocated
==79481== 
==79481== LEAK SUMMARY:
==79481==    definitely lost: 0 bytes in 0 blocks
==79481==    indirectly lost: 0 bytes in 0 blocks
==79481==      possibly lost: 0 bytes in 0 blocks
==79481==    still reachable: 0 bytes in 0 blocks
==79481==         suppressed: 278,855 bytes in 2,335 blocks
==79481== 
==79481== For lists of detected and suppressed errors, rerun with: -s
==79481== ERROR SUMMARY: 0 errors from 0 contexts (suppressed: 16 from 16)
